Determining if the pthread_create exist failed with the following output:
Change Dir: /home/jetbot/mqtt/ssafy_PJT_Jetbot/mqtt/mqttCXX/jetbotMQTT/build/CMakeFiles/CMakeTmp

Run Build Command:"/usr/bin/make" "cmTC_f4fea/fast"
/usr/bin/make -f CMakeFiles/cmTC_f4fea.dir/build.make CMakeFiles/cmTC_f4fea.dir/build
make[1]: Entering directory '/home/jetbot/mqtt/ssafy_PJT_Jetbot/mqtt/mqttCXX/jetbotMQTT/build/CMakeFiles/CMakeTmp'
Building C object CMakeFiles/cmTC_f4fea.dir/CheckSymbolExists.c.o
/usr/bin/aarch64-linux-gnu-gcc    -o CMakeFiles/cmTC_f4fea.dir/CheckSymbolExists.c.o   -c /home/jetbot/mqtt/ssafy_PJT_Jetbot/mqtt/mqttCXX/jetbotMQTT/build/CMakeFiles/CMakeTmp/CheckSymbolExists.c
Linking C executable cmTC_f4fea
/usr/bin/cmake -E cmake_link_script CMakeFiles/cmTC_f4fea.dir/link.txt --verbose=1
/usr/bin/aarch64-linux-gnu-gcc      CMakeFiles/cmTC_f4fea.dir/CheckSymbolExists.c.o  -o cmTC_f4fea 
CMakeFiles/cmTC_f4fea.dir/CheckSymbolExists.c.o: In function `main':
CheckSymbolExists.c:(.text+0x14): undefined reference to `pthread_create'
CheckSymbolExists.c:(.text+0x18): undefined reference to `pthread_create'
collect2: error: ld returned 1 exit status
CMakeFiles/cmTC_f4fea.dir/build.make:97: recipe for target 'cmTC_f4fea' failed
make[1]: *** [cmTC_f4fea] Error 1
make[1]: Leaving directory '/home/jetbot/mqtt/ssafy_PJT_Jetbot/mqtt/mqttCXX/jetbotMQTT/build/CMakeFiles/CMakeTmp'
Makefile:126: recipe for target 'cmTC_f4fea/fast' failed
make: *** [cmTC_f4fea/fast] Error 2

File /home/jetbot/mqtt/ssafy_PJT_Jetbot/mqtt/mqttCXX/jetbotMQTT/build/CMakeFiles/CMakeTmp/CheckSymbolExists.c:
/* */
#include <pthread.h>

int main(int argc, char** argv)
{
  (void)argv;
#ifndef pthread_create
  return ((int*)(&pthread_create))[argc];
#else
  (void)argc;
  return 0;
#endif
}

Determining if the function pthread_create exists in the pthreads failed with the following output:
Change Dir: /home/jetbot/mqtt/ssafy_PJT_Jetbot/mqtt/mqttCXX/jetbotMQTT/build/CMakeFiles/CMakeTmp

Run Build Command:"/usr/bin/make" "cmTC_3bed1/fast"
/usr/bin/make -f CMakeFiles/cmTC_3bed1.dir/build.make CMakeFiles/cmTC_3bed1.dir/build
make[1]: Entering directory '/home/jetbot/mqtt/ssafy_PJT_Jetbot/mqtt/mqttCXX/jetbotMQTT/build/CMakeFiles/CMakeTmp'
Building C object CMakeFiles/cmTC_3bed1.dir/CheckFunctionExists.c.o
/usr/bin/aarch64-linux-gnu-gcc   -DCHECK_FUNCTION_EXISTS=pthread_create   -o CMakeFiles/cmTC_3bed1.dir/CheckFunctionExists.c.o   -c /usr/share/cmake-3.10/Modules/CheckFunctionExists.c
Linking C executable cmTC_3bed1
/usr/bin/cmake -E cmake_link_script CMakeFiles/cmTC_3bed1.dir/link.txt --verbose=1
/usr/bin/aarch64-linux-gnu-gcc  -DCHECK_FUNCTION_EXISTS=pthread_create    CMakeFiles/cmTC_3bed1.dir/CheckFunctionExists.c.o  -o cmTC_3bed1 -lpthreads 
/usr/bin/ld: cannot find -lpthreads
collect2: error: ld returned 1 exit status
CMakeFiles/cmTC_3bed1.dir/build.make:97: recipe for target 'cmTC_3bed1' failed
make[1]: *** [cmTC_3bed1] Error 1
make[1]: Leaving directory '/home/jetbot/mqtt/ssafy_PJT_Jetbot/mqtt/mqttCXX/jetbotMQTT/build/CMakeFiles/CMakeTmp'
Makefile:126: recipe for target 'cmTC_3bed1/fast' failed
make: *** [cmTC_3bed1/fast] Error 2


